A51 MACRO ASSEMBLER  LAB2                                                                 04/25/2018 18:31:42 PAGE     1


MACRO ASSEMBLER A51 V8.2.5.0
OBJECT MODULE PLACED IN .\Objects\lab2.obj
ASSEMBLER INVOKED BY: C:\Keil_v5\C51\BIN\A51.EXE User\lab2.ASM SET(SMALL) DEBUG PRINT(.\Listings\lab2.lst) OBJECT(.\Obje
                      cts\lab2.obj) EP

LOC  OBJ            LINE     SOURCE

                       1     ; FileName              :               lab2.ASM        

                       2     ; Author                :               Twsa Liu

                       3     ; Date                  :               2018-04-10

                       4     ; Description   :               This is a lab ofm AT89C52RC.

                       5     ;                                               The lab achieve function that include binke
                             ying

                       6     ;                                               ,delay,light leds and switch using

                       7      

                       8     ;Main function

0000                   9             ORG             0000H

0000 020030           10             LJMP    MAIN

0003                  11             ORG             0003H

0003 020039           12             LJMP    INT0_CALL

0013                  13             ORG             0013H

0013 02003C           14             LJMP    INT1_CALL

                      15             

0030                  16             ORG             0030H

0030 12003F           17     MAIN:   LCALL   INIT                    ;≥ı ºªØ≤Ÿ◊˜

0033 12004F           18                     LCALL   INT_OPER                ;÷–∂œµƒ…Ë÷√µƒœ‡πÿ≤Ÿ◊˜

0036 120067           19                     LCALL   BLINK                   ;¡˜ÀÆµ∆≤Ÿ◊˜                     

0039 B220             20     INT0_CALL:      CPL     20H

003B 32               21                             RETI

003C B221             22     INT1_CALL:      CPL     21H

003E 32               23                             RETI

                      24     ;Initialization

003F 7590FF           25     INIT:   MOV             P1,#0FFH

0042 7400             26                     MOV             A,#00H                  

0044 7530FE           27                     MOV             30H,#0XFE

0047 C220             28                     CLR             20H                             ;«Â≥Õ‚≤ø÷–∂œ0   flag

0049 C221             29                     CLR             21H                             ;«Â≥Õ‚≤ø÷–∂œ1   flag

004B 7581EF           30                     MOV             SP,#0EFH                ;…Ë÷√∂—’ª÷∏’Î

004E 22               31                     RET

                      32     ;Interrupt operation control

004F D288             33     INT_OPER:       SETB    IT0                             ;…Ë÷√Õ‚≤ø÷–∂œ0Œ™œ¬Ωµ—ÿ¥•∑¢

0051 D28A             34                             SETB    IT1                             ;…Ë÷√Õ‚≤ø÷–∂œ1Œ™œ¬Ωµ—ÿ¥•∑¢

0053 D2A8             35                             SETB    EX0                             ;Õ‚≤ø÷–∂œ0ø™÷–∂œ

0055 D2AA             36                             SETB    EX1                             ;Õ‚≤ø÷–∂œ1ø™÷–∂œ

0057 115C             37                             ACALL   NVIC                    ;…Ë÷√÷–∂œ”≈œ»º∂

0059 D2AF             38                             SETB    EA                              ;CPUø™÷–∂œ

005B 22               39                             RET

                      40                             

                      41     ;Set the priority of interrupt  

005C C2B8             42     NVIC:           CLR             PX0                             ;…Ë÷√Õ‚≤ø÷–∂œ0Œ™µÕ”≈œ»º∂

005E C2B9             43                             CLR             PT0

0060 D2BA             44                             SETB    PX1                             ;…Ë÷√Õ‚≤ø÷–∂œ1Œ™∏ﬂ”≈œ»º∂

0062 C2BB             45                             CLR             PT1

0064 C2BC             46                             CLR             PS

0066 22               47                             RET

0067 E530             48     BLINK:  MOV             A,30H

0069 F590             49                     MOV     P1,A

006B 202111           50                     JB              21H,STOP

006E 202019           51                     JB              20H,PAUSE

0071 23               52                     RL              A

0072 F530             53                     MOV             30H,A   

0074 120094           54                     LCALL   DELAY

0077 B4FE03           55                     CJNE    A,#0XFE,NEXT

007A 7530FE           56                     MOV             30H,#0XFE       

A51 MACRO ASSEMBLER  LAB2                                                                 04/25/2018 18:31:42 PAGE     2

007D 80E8             57     NEXT:   SJMP    BLINK

007F 7590FF           58     STOP:   MOV             P1,#0XFF

0082 2021FA           59                     JB              21H,STOP

0085 7530FE           60                     MOV             30H,#0XFE

0088 80DD             61                     SJMP    BLINK

008A F590             62     PAUSE:  MOV             P1,A

008C 2021F0           63                     JB              21H,STOP

008F 2020F8           64                     JB              20H,PAUSE

0092 80D3             65                     SJMP    BLINK

                      66                     

                      67     ;Delay function

0094 7F03             68     DELAY:  MOV     R7,#3

0096 7EC8             69     DEL1:   MOV             R6,#200

0098 7DF8             70     DEL2:   MOV             R5,#248

009A DDFE             71                     DJNZ    R5,$

009C DEFA             72                     DJNZ    R6,DEL2

009E DFF6             73                     DJNZ    R7,DEL1

00A0 22               74                     RET

                      75                     END

                                     

A51 MACRO ASSEMBLER  LAB2                                                                 04/25/2018 18:31:42 PAGE     3

SYMBOL TABLE LISTING
------ ----- -------


N A M E             T Y P E  V A L U E   ATTRIBUTES

BLINK. . . . . . .  C ADDR   0067H   A   
DEL1 . . . . . . .  C ADDR   0096H   A   
DEL2 . . . . . . .  C ADDR   0098H   A   
DELAY. . . . . . .  C ADDR   0094H   A   
EA . . . . . . . .  B ADDR   00A8H.7 A   
EX0. . . . . . . .  B ADDR   00A8H.0 A   
EX1. . . . . . . .  B ADDR   00A8H.2 A   
INIT . . . . . . .  C ADDR   003FH   A   
INT0_CALL. . . . .  C ADDR   0039H   A   
INT1_CALL. . . . .  C ADDR   003CH   A   
INT_OPER . . . . .  C ADDR   004FH   A   
IT0. . . . . . . .  B ADDR   0088H.0 A   
IT1. . . . . . . .  B ADDR   0088H.2 A   
MAIN . . . . . . .  C ADDR   0030H   A   
NEXT . . . . . . .  C ADDR   007DH   A   
NVIC . . . . . . .  C ADDR   005CH   A   
P1 . . . . . . . .  D ADDR   0090H   A   
PAUSE. . . . . . .  C ADDR   008AH   A   
PS . . . . . . . .  B ADDR   00B8H.4 A   
PT0. . . . . . . .  B ADDR   00B8H.1 A   
PT1. . . . . . . .  B ADDR   00B8H.3 A   
PX0. . . . . . . .  B ADDR   00B8H.0 A   
PX1. . . . . . . .  B ADDR   00B8H.2 A   
SP . . . . . . . .  D ADDR   0081H   A   
STOP . . . . . . .  C ADDR   007FH   A   


REGISTER BANK(S) USED: 0 


ASSEMBLY COMPLETE.  0 WARNING(S), 0 ERROR(S)
